Removed Pin From Net: NetName=AIN4U Pin=C2-1
Removed Pin From Net: NetName=GND Pin=C2-2
Removed Pin From Net: NetName=AIN5U Pin=C3-1
Removed Pin From Net: NetName=GND Pin=C3-2
Removed Pin From Net: NetName=AIN2U Pin=C6-1
Removed Pin From Net: NetName=GND Pin=C6-2
Removed Pin From Net: NetName=DT2U Pin=C7-1
Removed Pin From Net: NetName=GND Pin=C7-2
Removed Pin From Net: NetName=AIN1U Pin=C9-1
Removed Pin From Net: NetName=GND Pin=C9-2
Removed Pin From Net: NetName=GND Pin=D8-1
Removed Pin From Net: NetName=DT2U Pin=D8-2
Removed Pin From Net: NetName=NetC5_2 Pin=JP9-2
Removed Pin From Net: NetName=NetFU100_1 Pin=JP9-13
Removed Pin From Net: NetName=NetC100_2 Pin=JP9-14
Removed Pin From Net: NetName=NetC5_2 Pin=Q5-2
Removed Pin From Net: NetName=AIN4U Pin=R8-1
Removed Pin From Net: NetName=GND Pin=R8-2
Removed Pin From Net: NetName=AIN4U Pin=R9-1
Removed Pin From Net: NetName=AIN4 Pin=R9-2
Removed Pin From Net: NetName=AIN5U Pin=R12-1
Removed Pin From Net: NetName=GND Pin=R12-2
Removed Pin From Net: NetName=AIN5U Pin=R13-1
Removed Pin From Net: NetName=AIN5 Pin=R13-2
Removed Pin From Net: NetName=AIN2U Pin=R16-1
Removed Pin From Net: NetName=GND Pin=R16-2
Removed Pin From Net: NetName=AIN2U Pin=R17-1
Removed Pin From Net: NetName=AIN2 Pin=R17-2
Removed Pin From Net: NetName=AIN1U Pin=R20-1
Removed Pin From Net: NetName=GND Pin=R20-2
Removed Pin From Net: NetName=AIN1U Pin=R21-1
Removed Pin From Net: NetName=AIN1 Pin=R21-2
Removed Pin From Net: NetName=DT2 Pin=R22-1
Removed Pin From Net: NetName=+5V Pin=R22-2
Removed Pin From Net: NetName=NetC5_1 Pin=R23-1
Removed Pin From Net: NetName=NetJP8_12 Pin=R24-1
Removed Pin From Net: NetName=NetC5_2 Pin=R26-1
Removed Pin From Net: NetName=DT2 Pin=R38-1
Removed Pin From Net: NetName=DT2U Pin=R38-2
Removed Pin From Net: NetName=GND Pin=R42-1
Removed Pin From Net: NetName=DT2U Pin=R42-2
Removed Pin From Net: NetName=NetC5_2 Pin=U13-4
Removed Pin From Net: NetName=NetJP8_11 Pin=U13-5
Removed Member From Class: ClassName=IBPV11 Member=C2
Removed Member From Class: ClassName=IBPV11 Member=C3
Removed Member From Class: ClassName=IBPV11 Member=C6
Removed Member From Class: ClassName=IBPV11 Member=C7
Removed Member From Class: ClassName=IBPV11 Member=C9
Removed Member From Class: ClassName=IBPV11 Member=C9
Removed Member From Class: ClassName=IBPV11 Member=D8
Removed Member From Class: ClassName=IBPV11 Member=D8
Removed Member From Class: ClassName=Designator Member=JP9
Removed Member From Class: ClassName=Designator Member=JP9
Removed Member From Class: ClassName=Designator Member=Q5
Removed Member From Class: ClassName=IBPV11 Member=R8
Removed Member From Class: ClassName=IBPV11 Member=R9
Removed Member From Class: ClassName=IBPV11 Member=R12
Removed Member From Class: ClassName=IBPV11 Member=R13
Removed Member From Class: ClassName=IBPV11 Member=R16
Removed Member From Class: ClassName=IBPV11 Member=R17
Removed Member From Class: ClassName=IBPV11 Member=R20
Removed Member From Class: ClassName=IBPV11 Member=R21
Removed Member From Class: ClassName=IBPV11 Member=R22
Removed Member From Class: ClassName=IBPV11 Member=R22
Removed Member From Class: ClassName=IBPV11 Member=R22
Removed Member From Class: ClassName=Designator Member=R23
Removed Member From Class: ClassName=Designator Member=R24
Removed Member From Class: ClassName=Designator Member=R25
Removed Member From Class: ClassName=Designator Member=R26
Removed Member From Class: ClassName=IBPV11 Member=R38
Removed Member From Class: ClassName=IBPV11 Member=R38
Removed Member From Class: ClassName=IBPV11 Member=R42
Removed Member From Class: ClassName=IBPV11 Member=R42
Removed Member From Class: ClassName=Designator Member=U13
Change Component Comment : Designator=R6 Old Comment=1K0 New Comment=2K7
